log4j: reset attribute= "false".
log4j: Threshold ="null".
log4j: Level value for root is  [INFO].
log4j: root level set to INFO
log4j: Class name: [org.apache.log4j.FileAppender]
log4j: Setting property [append] to [false].
log4j:WARN No such property [maxFileSize] in org.apache.log4j.FileAppender.
log4j:WARN No such property [maxBackupIndex] in org.apache.log4j.FileAppender.
log4j: Setting property [file] to [log].
log4j: Parsing layout of class: "org.apache.log4j.PatternLayout"
log4j: Setting property [conversionPattern] to [%d %-5p [%t] %C{2} (%F:%L) - %m%n].
log4j: setFile called: log, false
log4j: setFile ended
log4j: Adding appender named [file] to category [root].
BAD
9/6/17 12:51:30 PM =============================================================

-- Gauges ----------------------------------------------------------------------
kafka size
             value = 0
linked size
             value = 0

-- Meters ----------------------------------------------------------------------
Download done
             count = 0
         mean rate = 0.00 events/second
     1-minute rate = 0.00 events/second
     5-minute rate = 0.00 events/second
    15-minute rate = 0.00 events/second
Download failed
             count = 0
         mean rate = 0.00 events/second
     1-minute rate = 0.00 events/second
     5-minute rate = 0.00 events/second
    15-minute rate = 0.00 events/second
Exist check failed
             count = 0
         mean rate = 0.00 events/second
     1-minute rate = 0.00 events/second
     5-minute rate = 0.00 events/second
    15-minute rate = 0.00 events/second
Exist checked
             count = 0
         mean rate = 0.00 events/second
     1-minute rate = 0.00 events/second
     5-minute rate = 0.00 events/second
    15-minute rate = 0.00 events/second
Organized
             count = 0
         mean rate = 0.00 events/second
     1-minute rate = 0.00 events/second
     5-minute rate = 0.00 events/second
    15-minute rate = 0.00 events/second
Put done
             count = 0
         mean rate = 0.00 events/second
     1-minute rate = 0.00 events/second
     5-minute rate = 0.00 events/second
    15-minute rate = 0.00 events/second


9/6/17 12:51:31 PM =============================================================

-- Gauges ----------------------------------------------------------------------
kafka size
             value = 0
linked size
             value = 0

-- Meters ----------------------------------------------------------------------
Download done
             count = 0
         mean rate = 0.00 events/second
     1-minute rate = 0.00 events/second
     5-minute rate = 0.00 events/second
    15-minute rate = 0.00 events/second
Download failed
             count = 0
         mean rate = 0.00 events/second
     1-minute rate = 0.00 events/second
     5-minute rate = 0.00 events/second
    15-minute rate = 0.00 events/second
Exist check failed
             count = 0
         mean rate = 0.00 events/second
     1-minute rate = 0.00 events/second
     5-minute rate = 0.00 events/second
    15-minute rate = 0.00 events/second
Exist checked
             count = 0
         mean rate = 0.00 events/second
     1-minute rate = 0.00 events/second
     5-minute rate = 0.00 events/second
    15-minute rate = 0.00 events/second
Organized
             count = 0
         mean rate = 0.00 events/second
     1-minute rate = 0.00 events/second
     5-minute rate = 0.00 events/second
    15-minute rate = 0.00 events/second
Put done
             count = 0
         mean rate = 0.00 events/second
     1-minute rate = 0.00 events/second
     5-minute rate = 0.00 events/second
    15-minute rate = 0.00 events/second


9/6/17 12:51:32 PM =============================================================

-- Gauges ----------------------------------------------------------------------
kafka size
             value = 0
linked size
             value = 0

-- Meters ----------------------------------------------------------------------
Download done
             count = 0
         mean rate = 0.00 events/second
     1-minute rate = 0.00 events/second
     5-minute rate = 0.00 events/second
    15-minute rate = 0.00 events/second
Download failed
             count = 0
         mean rate = 0.00 events/second
     1-minute rate = 0.00 events/second
     5-minute rate = 0.00 events/second
    15-minute rate = 0.00 events/second
Exist check failed
             count = 0
         mean rate = 0.00 events/second
     1-minute rate = 0.00 events/second
     5-minute rate = 0.00 events/second
    15-minute rate = 0.00 events/second
Exist checked
             count = 0
         mean rate = 0.00 events/second
     1-minute rate = 0.00 events/second
     5-minute rate = 0.00 events/second
    15-minute rate = 0.00 events/second
Organized
             count = 0
         mean rate = 0.00 events/second
     1-minute rate = 0.00 events/second
     5-minute rate = 0.00 events/second
    15-minute rate = 0.00 events/second
Put done
             count = 0
         mean rate = 0.00 events/second
     1-minute rate = 0.00 events/second
     5-minute rate = 0.00 events/second
    15-minute rate = 0.00 events/second


9/6/17 12:51:33 PM =============================================================

-- Gauges ----------------------------------------------------------------------
kafka size
             value = 0
linked size
             value = 0

-- Meters ----------------------------------------------------------------------
Download done
             count = 0
         mean rate = 0.00 events/second
     1-minute rate = 0.00 events/second
     5-minute rate = 0.00 events/second
    15-minute rate = 0.00 events/second
Download failed
             count = 0
         mean rate = 0.00 events/second
     1-minute rate = 0.00 events/second
     5-minute rate = 0.00 events/second
    15-minute rate = 0.00 events/second
Exist check failed
             count = 0
         mean rate = 0.00 events/second
     1-minute rate = 0.00 events/second
     5-minute rate = 0.00 events/second
    15-minute rate = 0.00 events/second
Exist checked
             count = 0
         mean rate = 0.00 events/second
     1-minute rate = 0.00 events/second
     5-minute rate = 0.00 events/second
    15-minute rate = 0.00 events/second
Organized
             count = 0
         mean rate = 0.00 events/second
     1-minute rate = 0.00 events/second
     5-minute rate = 0.00 events/second
    15-minute rate = 0.00 events/second
Put done
             count = 0
         mean rate = 0.00 events/second
     1-minute rate = 0.00 events/second
     5-minute rate = 0.00 events/second
    15-minute rate = 0.00 events/second


9/6/17 12:51:34 PM =============================================================

-- Gauges ----------------------------------------------------------------------
kafka size
             value = 0
linked size
             value = 0

-- Meters ----------------------------------------------------------------------
Download done
             count = 0
         mean rate = 0.00 events/second
     1-minute rate = 0.00 events/second
     5-minute rate = 0.00 events/second
    15-minute rate = 0.00 events/second
Download failed
             count = 0
         mean rate = 0.00 events/second
     1-minute rate = 0.00 events/second
     5-minute rate = 0.00 events/second
    15-minute rate = 0.00 events/second
Exist check failed
             count = 0
         mean rate = 0.00 events/second
     1-minute rate = 0.00 events/second
     5-minute rate = 0.00 events/second
    15-minute rate = 0.00 events/second
Exist checked
             count = 0
         mean rate = 0.00 events/second
     1-minute rate = 0.00 events/second
     5-minute rate = 0.00 events/second
    15-minute rate = 0.00 events/second
Organized
             count = 0
         mean rate = 0.00 events/second
     1-minute rate = 0.00 events/second
     5-minute rate = 0.00 events/second
    15-minute rate = 0.00 events/second
Put done
             count = 0
         mean rate = 0.00 events/second
     1-minute rate = 0.00 events/second
     5-minute rate = 0.00 events/second
    15-minute rate = 0.00 events/second


9/6/17 12:51:35 PM =============================================================

-- Gauges ----------------------------------------------------------------------
kafka size
             value = 0
linked size
             value = 0

-- Meters ----------------------------------------------------------------------
Download done
             count = 0
         mean rate = 0.00 events/second
     1-minute rate = 0.00 events/second
     5-minute rate = 0.00 events/second
    15-minute rate = 0.00 events/second
Download failed
             count = 0
         mean rate = 0.00 events/second
     1-minute rate = 0.00 events/second
     5-minute rate = 0.00 events/second
    15-minute rate = 0.00 events/second
Exist check failed
             count = 0
         mean rate = 0.00 events/second
     1-minute rate = 0.00 events/second
     5-minute rate = 0.00 events/second
    15-minute rate = 0.00 events/second
Exist checked
             count = 0
         mean rate = 0.00 events/second
     1-minute rate = 0.00 events/second
     5-minute rate = 0.00 events/second
    15-minute rate = 0.00 events/second
Organized
             count = 0
         mean rate = 0.00 events/second
     1-minute rate = 0.00 events/second
     5-minute rate = 0.00 events/second
    15-minute rate = 0.00 events/second
Put done
             count = 0
         mean rate = 0.00 events/second
     1-minute rate = 0.00 events/second
     5-minute rate = 0.00 events/second
    15-minute rate = 0.00 events/second


9/6/17 12:51:36 PM =============================================================

-- Gauges ----------------------------------------------------------------------
kafka size
             value = 0
linked size
             value = 0

-- Meters ----------------------------------------------------------------------
Download done
             count = 0
         mean rate = 0.00 events/second
     1-minute rate = 0.00 events/second
     5-minute rate = 0.00 events/second
    15-minute rate = 0.00 events/second
Download failed
             count = 0
         mean rate = 0.00 events/second
     1-minute rate = 0.00 events/second
     5-minute rate = 0.00 events/second
    15-minute rate = 0.00 events/second
Exist check failed
             count = 0
         mean rate = 0.00 events/second
     1-minute rate = 0.00 events/second
     5-minute rate = 0.00 events/second
    15-minute rate = 0.00 events/second
Exist checked
             count = 0
         mean rate = 0.00 events/second
     1-minute rate = 0.00 events/second
     5-minute rate = 0.00 events/second
    15-minute rate = 0.00 events/second
Organized
             count = 0
         mean rate = 0.00 events/second
     1-minute rate = 0.00 events/second
     5-minute rate = 0.00 events/second
    15-minute rate = 0.00 events/second
Put done
             count = 0
         mean rate = 0.00 events/second
     1-minute rate = 0.00 events/second
     5-minute rate = 0.00 events/second
    15-minute rate = 0.00 events/second


9/6/17 12:51:37 PM =============================================================

-- Gauges ----------------------------------------------------------------------
kafka size
             value = 0
linked size
             value = 0

-- Meters ----------------------------------------------------------------------
Download done
             count = 0
         mean rate = 0.00 events/second
     1-minute rate = 0.00 events/second
     5-minute rate = 0.00 events/second
    15-minute rate = 0.00 events/second
Download failed
             count = 0
         mean rate = 0.00 events/second
     1-minute rate = 0.00 events/second
     5-minute rate = 0.00 events/second
    15-minute rate = 0.00 events/second
Exist check failed
             count = 0
         mean rate = 0.00 events/second
     1-minute rate = 0.00 events/second
     5-minute rate = 0.00 events/second
    15-minute rate = 0.00 events/second
Exist checked
             count = 0
         mean rate = 0.00 events/second
     1-minute rate = 0.00 events/second
     5-minute rate = 0.00 events/second
    15-minute rate = 0.00 events/second
Organized
             count = 0
         mean rate = 0.00 events/second
     1-minute rate = 0.00 events/second
     5-minute rate = 0.00 events/second
    15-minute rate = 0.00 events/second
Put done
             count = 0
         mean rate = 0.00 events/second
     1-minute rate = 0.00 events/second
     5-minute rate = 0.00 events/second
    15-minute rate = 0.00 events/second


9/6/17 12:51:38 PM =============================================================

-- Gauges ----------------------------------------------------------------------
kafka size
             value = 0
linked size
             value = 0

-- Meters ----------------------------------------------------------------------
Download done
             count = 0
         mean rate = 0.00 events/second
     1-minute rate = 0.00 events/second
     5-minute rate = 0.00 events/second
    15-minute rate = 0.00 events/second
Download failed
             count = 0
         mean rate = 0.00 events/second
     1-minute rate = 0.00 events/second
     5-minute rate = 0.00 events/second
    15-minute rate = 0.00 events/second
Exist check failed
             count = 0
         mean rate = 0.00 events/second
     1-minute rate = 0.00 events/second
     5-minute rate = 0.00 events/second
    15-minute rate = 0.00 events/second
Exist checked
             count = 0
         mean rate = 0.00 events/second
     1-minute rate = 0.00 events/second
     5-minute rate = 0.00 events/second
    15-minute rate = 0.00 events/second
Organized
             count = 0
         mean rate = 0.00 events/second
     1-minute rate = 0.00 events/second
     5-minute rate = 0.00 events/second
    15-minute rate = 0.00 events/second
Put done
             count = 0
         mean rate = 0.00 events/second
     1-minute rate = 0.00 events/second
     5-minute rate = 0.00 events/second
    15-minute rate = 0.00 events/second


9/6/17 12:51:39 PM =============================================================

-- Gauges ----------------------------------------------------------------------
kafka size
             value = 0
linked size
             value = 0

-- Meters ----------------------------------------------------------------------
Download done
             count = 0
         mean rate = 0.00 events/second
     1-minute rate = 0.00 events/second
     5-minute rate = 0.00 events/second
    15-minute rate = 0.00 events/second
Download failed
             count = 0
         mean rate = 0.00 events/second
     1-minute rate = 0.00 events/second
     5-minute rate = 0.00 events/second
    15-minute rate = 0.00 events/second
Exist check failed
             count = 0
         mean rate = 0.00 events/second
     1-minute rate = 0.00 events/second
     5-minute rate = 0.00 events/second
    15-minute rate = 0.00 events/second
Exist checked
             count = 0
         mean rate = 0.00 events/second
     1-minute rate = 0.00 events/second
     5-minute rate = 0.00 events/second
    15-minute rate = 0.00 events/second
Organized
             count = 0
         mean rate = 0.00 events/second
     1-minute rate = 0.00 events/second
     5-minute rate = 0.00 events/second
    15-minute rate = 0.00 events/second
Put done
             count = 0
         mean rate = 0.00 events/second
     1-minute rate = 0.00 events/second
     5-minute rate = 0.00 events/second
    15-minute rate = 0.00 events/second


9/6/17 12:51:40 PM =============================================================

-- Gauges ----------------------------------------------------------------------
kafka size
             value = 0
linked size
             value = 0

-- Meters ----------------------------------------------------------------------
Download done
             count = 0
         mean rate = 0.00 events/second
     1-minute rate = 0.00 events/second
     5-minute rate = 0.00 events/second
    15-minute rate = 0.00 events/second
Download failed
             count = 0
         mean rate = 0.00 events/second
     1-minute rate = 0.00 events/second
     5-minute rate = 0.00 events/second
    15-minute rate = 0.00 events/second
Exist check failed
             count = 0
         mean rate = 0.00 events/second
     1-minute rate = 0.00 events/second
     5-minute rate = 0.00 events/second
    15-minute rate = 0.00 events/second
Exist checked
             count = 0
         mean rate = 0.00 events/second
     1-minute rate = 0.00 events/second
     5-minute rate = 0.00 events/second
    15-minute rate = 0.00 events/second
Organized
             count = 0
         mean rate = 0.00 events/second
     1-minute rate = 0.00 events/second
     5-minute rate = 0.00 events/second
    15-minute rate = 0.00 events/second
Put done
             count = 0
         mean rate = 0.00 events/second
     1-minute rate = 0.00 events/second
     5-minute rate = 0.00 events/second
    15-minute rate = 0.00 events/second


9/6/17 12:51:41 PM =============================================================

-- Gauges ----------------------------------------------------------------------
kafka size
             value = 0
linked size
             value = 0

-- Meters ----------------------------------------------------------------------
Download done
             count = 0
         mean rate = 0.00 events/second
     1-minute rate = 0.00 events/second
     5-minute rate = 0.00 events/second
    15-minute rate = 0.00 events/second
Download failed
             count = 0
         mean rate = 0.00 events/second
     1-minute rate = 0.00 events/second
     5-minute rate = 0.00 events/second
    15-minute rate = 0.00 events/second
Exist check failed
             count = 0
         mean rate = 0.00 events/second
     1-minute rate = 0.00 events/second
     5-minute rate = 0.00 events/second
    15-minute rate = 0.00 events/second
Exist checked
             count = 0
         mean rate = 0.00 events/second
     1-minute rate = 0.00 events/second
     5-minute rate = 0.00 events/second
    15-minute rate = 0.00 events/second
Organized
             count = 0
         mean rate = 0.00 events/second
     1-minute rate = 0.00 events/second
     5-minute rate = 0.00 events/second
    15-minute rate = 0.00 events/second
Put done
             count = 0
         mean rate = 0.00 events/second
     1-minute rate = 0.00 events/second
     5-minute rate = 0.00 events/second
    15-minute rate = 0.00 events/second


9/6/17 12:51:42 PM =============================================================

-- Gauges ----------------------------------------------------------------------
kafka size
             value = 0
linked size
             value = 0

-- Meters ----------------------------------------------------------------------
Download done
             count = 0
         mean rate = 0.00 events/second
     1-minute rate = 0.00 events/second
     5-minute rate = 0.00 events/second
    15-minute rate = 0.00 events/second
Download failed
             count = 0
         mean rate = 0.00 events/second
     1-minute rate = 0.00 events/second
     5-minute rate = 0.00 events/second
    15-minute rate = 0.00 events/second
Exist check failed
             count = 0
         mean rate = 0.00 events/second
     1-minute rate = 0.00 events/second
     5-minute rate = 0.00 events/second
    15-minute rate = 0.00 events/second
Exist checked
             count = 0
         mean rate = 0.00 events/second
     1-minute rate = 0.00 events/second
     5-minute rate = 0.00 events/second
    15-minute rate = 0.00 events/second
Organized
             count = 0
         mean rate = 0.00 events/second
     1-minute rate = 0.00 events/second
     5-minute rate = 0.00 events/second
    15-minute rate = 0.00 events/second
Put done
             count = 0
         mean rate = 0.00 events/second
     1-minute rate = 0.00 events/second
     5-minute rate = 0.00 events/second
    15-minute rate = 0.00 events/second


9/6/17 12:51:43 PM =============================================================

-- Gauges ----------------------------------------------------------------------
kafka size
             value = 0
linked size
             value = 0

-- Meters ----------------------------------------------------------------------
Download done
             count = 0
         mean rate = 0.00 events/second
     1-minute rate = 0.00 events/second
     5-minute rate = 0.00 events/second
    15-minute rate = 0.00 events/second
Download failed
             count = 0
         mean rate = 0.00 events/second
     1-minute rate = 0.00 events/second
     5-minute rate = 0.00 events/second
    15-minute rate = 0.00 events/second
Exist check failed
             count = 0
         mean rate = 0.00 events/second
     1-minute rate = 0.00 events/second
     5-minute rate = 0.00 events/second
    15-minute rate = 0.00 events/second
Exist checked
             count = 0
         mean rate = 0.00 events/second
     1-minute rate = 0.00 events/second
     5-minute rate = 0.00 events/second
    15-minute rate = 0.00 events/second
Organized
             count = 0
         mean rate = 0.00 events/second
     1-minute rate = 0.00 events/second
     5-minute rate = 0.00 events/second
    15-minute rate = 0.00 events/second
Put done
             count = 0
         mean rate = 0.00 events/second
     1-minute rate = 0.00 events/second
     5-minute rate = 0.00 events/second
    15-minute rate = 0.00 events/second


9/6/17 12:51:44 PM =============================================================

-- Gauges ----------------------------------------------------------------------
kafka size
             value = 0
linked size
             value = 0

-- Meters ----------------------------------------------------------------------
Download done
             count = 0
         mean rate = 0.00 events/second
     1-minute rate = 0.00 events/second
     5-minute rate = 0.00 events/second
    15-minute rate = 0.00 events/second
Download failed
             count = 0
         mean rate = 0.00 events/second
     1-minute rate = 0.00 events/second
     5-minute rate = 0.00 events/second
    15-minute rate = 0.00 events/second
Exist check failed
             count = 0
         mean rate = 0.00 events/second
     1-minute rate = 0.00 events/second
     5-minute rate = 0.00 events/second
    15-minute rate = 0.00 events/second
Exist checked
             count = 0
         mean rate = 0.00 events/second
     1-minute rate = 0.00 events/second
     5-minute rate = 0.00 events/second
    15-minute rate = 0.00 events/second
Organized
             count = 0
         mean rate = 0.00 events/second
     1-minute rate = 0.00 events/second
     5-minute rate = 0.00 events/second
    15-minute rate = 0.00 events/second
Put done
             count = 0
         mean rate = 0.00 events/second
     1-minute rate = 0.00 events/second
     5-minute rate = 0.00 events/second
    15-minute rate = 0.00 events/second


9/6/17 12:51:45 PM =============================================================

-- Gauges ----------------------------------------------------------------------
kafka size
             value = 0
linked size
             value = 0

-- Meters ----------------------------------------------------------------------
Download done
             count = 0
         mean rate = 0.00 events/second
     1-minute rate = 0.00 events/second
     5-minute rate = 0.00 events/second
    15-minute rate = 0.00 events/second
Download failed
             count = 0
         mean rate = 0.00 events/second
     1-minute rate = 0.00 events/second
     5-minute rate = 0.00 events/second
    15-minute rate = 0.00 events/second
Exist check failed
             count = 0
         mean rate = 0.00 events/second
     1-minute rate = 0.00 events/second
     5-minute rate = 0.00 events/second
    15-minute rate = 0.00 events/second
Exist checked
             count = 0
         mean rate = 0.00 events/second
     1-minute rate = 0.00 events/second
     5-minute rate = 0.00 events/second
    15-minute rate = 0.00 events/second
Organized
             count = 0
         mean rate = 0.00 events/second
     1-minute rate = 0.00 events/second
     5-minute rate = 0.00 events/second
    15-minute rate = 0.00 events/second
Put done
             count = 0
         mean rate = 0.00 events/second
     1-minute rate = 0.00 events/second
     5-minute rate = 0.00 events/second
    15-minute rate = 0.00 events/second


9/6/17 12:51:46 PM =============================================================

-- Gauges ----------------------------------------------------------------------
kafka size
             value = 0
linked size
             value = 0

-- Meters ----------------------------------------------------------------------
Download done
             count = 0
         mean rate = 0.00 events/second
     1-minute rate = 0.00 events/second
     5-minute rate = 0.00 events/second
    15-minute rate = 0.00 events/second
Download failed
             count = 0
         mean rate = 0.00 events/second
     1-minute rate = 0.00 events/second
     5-minute rate = 0.00 events/second
    15-minute rate = 0.00 events/second
Exist check failed
             count = 0
         mean rate = 0.00 events/second
     1-minute rate = 0.00 events/second
     5-minute rate = 0.00 events/second
    15-minute rate = 0.00 events/second
Exist checked
             count = 0
         mean rate = 0.00 events/second
     1-minute rate = 0.00 events/second
     5-minute rate = 0.00 events/second
    15-minute rate = 0.00 events/second
Organized
             count = 0
         mean rate = 0.00 events/second
     1-minute rate = 0.00 events/second
     5-minute rate = 0.00 events/second
    15-minute rate = 0.00 events/second
Put done
             count = 0
         mean rate = 0.00 events/second
     1-minute rate = 0.00 events/second
     5-minute rate = 0.00 events/second
    15-minute rate = 0.00 events/second


9/6/17 12:51:47 PM =============================================================

-- Gauges ----------------------------------------------------------------------
kafka size
             value = 0
linked size
             value = 0

-- Meters ----------------------------------------------------------------------
Download done
             count = 0
         mean rate = 0.00 events/second
     1-minute rate = 0.00 events/second
     5-minute rate = 0.00 events/second
    15-minute rate = 0.00 events/second
Download failed
             count = 0
         mean rate = 0.00 events/second
     1-minute rate = 0.00 events/second
     5-minute rate = 0.00 events/second
    15-minute rate = 0.00 events/second
Exist check failed
             count = 0
         mean rate = 0.00 events/second
     1-minute rate = 0.00 events/second
     5-minute rate = 0.00 events/second
    15-minute rate = 0.00 events/second
Exist checked
             count = 0
         mean rate = 0.00 events/second
     1-minute rate = 0.00 events/second
     5-minute rate = 0.00 events/second
    15-minute rate = 0.00 events/second
Organized
             count = 0
         mean rate = 0.00 events/second
     1-minute rate = 0.00 events/second
     5-minute rate = 0.00 events/second
    15-minute rate = 0.00 events/second
Put done
             count = 0
         mean rate = 0.00 events/second
     1-minute rate = 0.00 events/second
     5-minute rate = 0.00 events/second
    15-minute rate = 0.00 events/second


9/6/17 12:51:48 PM =============================================================

-- Gauges ----------------------------------------------------------------------
kafka size
             value = 0
linked size
             value = 0

-- Meters ----------------------------------------------------------------------
Download done
             count = 0
         mean rate = 0.00 events/second
     1-minute rate = 0.00 events/second
     5-minute rate = 0.00 events/second
    15-minute rate = 0.00 events/second
Download failed
             count = 0
         mean rate = 0.00 events/second
     1-minute rate = 0.00 events/second
     5-minute rate = 0.00 events/second
    15-minute rate = 0.00 events/second
Exist check failed
             count = 0
         mean rate = 0.00 events/second
     1-minute rate = 0.00 events/second
     5-minute rate = 0.00 events/second
    15-minute rate = 0.00 events/second
Exist checked
             count = 0
         mean rate = 0.00 events/second
     1-minute rate = 0.00 events/second
     5-minute rate = 0.00 events/second
    15-minute rate = 0.00 events/second
Organized
             count = 0
         mean rate = 0.00 events/second
     1-minute rate = 0.00 events/second
     5-minute rate = 0.00 events/second
    15-minute rate = 0.00 events/second
Put done
             count = 0
         mean rate = 0.00 events/second
     1-minute rate = 0.00 events/second
     5-minute rate = 0.00 events/second
    15-minute rate = 0.00 events/second


9/6/17 12:51:49 PM =============================================================

-- Gauges ----------------------------------------------------------------------
kafka size
             value = 0
linked size
             value = 0

-- Meters ----------------------------------------------------------------------
Download done
             count = 0
         mean rate = 0.00 events/second
     1-minute rate = 0.00 events/second
     5-minute rate = 0.00 events/second
    15-minute rate = 0.00 events/second
Download failed
             count = 0
         mean rate = 0.00 events/second
     1-minute rate = 0.00 events/second
     5-minute rate = 0.00 events/second
    15-minute rate = 0.00 events/second
Exist check failed
             count = 0
         mean rate = 0.00 events/second
     1-minute rate = 0.00 events/second
     5-minute rate = 0.00 events/second
    15-minute rate = 0.00 events/second
Exist checked
             count = 0
         mean rate = 0.00 events/second
     1-minute rate = 0.00 events/second
     5-minute rate = 0.00 events/second
    15-minute rate = 0.00 events/second
Organized
             count = 0
         mean rate = 0.00 events/second
     1-minute rate = 0.00 events/second
     5-minute rate = 0.00 events/second
    15-minute rate = 0.00 events/second
Put done
             count = 0
         mean rate = 0.00 events/second
     1-minute rate = 0.00 events/second
     5-minute rate = 0.00 events/second
    15-minute rate = 0.00 events/second


9/6/17 12:51:50 PM =============================================================

-- Gauges ----------------------------------------------------------------------
kafka size
             value = 0
linked size
             value = 0

-- Meters ----------------------------------------------------------------------
Download done
             count = 0
         mean rate = 0.00 events/second
     1-minute rate = 0.00 events/second
     5-minute rate = 0.00 events/second
    15-minute rate = 0.00 events/second
Download failed
             count = 0
         mean rate = 0.00 events/second
     1-minute rate = 0.00 events/second
     5-minute rate = 0.00 events/second
    15-minute rate = 0.00 events/second
Exist check failed
             count = 0
         mean rate = 0.00 events/second
     1-minute rate = 0.00 events/second
     5-minute rate = 0.00 events/second
    15-minute rate = 0.00 events/second
Exist checked
             count = 0
         mean rate = 0.00 events/second
     1-minute rate = 0.00 events/second
     5-minute rate = 0.00 events/second
    15-minute rate = 0.00 events/second
Organized
             count = 0
         mean rate = 0.00 events/second
     1-minute rate = 0.00 events/second
     5-minute rate = 0.00 events/second
    15-minute rate = 0.00 events/second
Put done
             count = 0
         mean rate = 0.00 events/second
     1-minute rate = 0.00 events/second
     5-minute rate = 0.00 events/second
    15-minute rate = 0.00 events/second


9/6/17 12:51:51 PM =============================================================

-- Gauges ----------------------------------------------------------------------
kafka size
             value = 0
linked size
             value = 0

-- Meters ----------------------------------------------------------------------
Download done
             count = 0
         mean rate = 0.00 events/second
     1-minute rate = 0.00 events/second
     5-minute rate = 0.00 events/second
    15-minute rate = 0.00 events/second
Download failed
             count = 0
         mean rate = 0.00 events/second
     1-minute rate = 0.00 events/second
     5-minute rate = 0.00 events/second
    15-minute rate = 0.00 events/second
Exist check failed
             count = 0
         mean rate = 0.00 events/second
     1-minute rate = 0.00 events/second
     5-minute rate = 0.00 events/second
    15-minute rate = 0.00 events/second
Exist checked
             count = 0
         mean rate = 0.00 events/second
     1-minute rate = 0.00 events/second
     5-minute rate = 0.00 events/second
    15-minute rate = 0.00 events/second
Organized
             count = 0
         mean rate = 0.00 events/second
     1-minute rate = 0.00 events/second
     5-minute rate = 0.00 events/second
    15-minute rate = 0.00 events/second
Put done
             count = 0
         mean rate = 0.00 events/second
     1-minute rate = 0.00 events/second
     5-minute rate = 0.00 events/second
    15-minute rate = 0.00 events/second


9/6/17 12:51:52 PM =============================================================

-- Gauges ----------------------------------------------------------------------
kafka size
             value = 0
linked size
             value = 0

-- Meters ----------------------------------------------------------------------
Download done
             count = 0
         mean rate = 0.00 events/second
     1-minute rate = 0.00 events/second
     5-minute rate = 0.00 events/second
    15-minute rate = 0.00 events/second
Download failed
             count = 0
         mean rate = 0.00 events/second
     1-minute rate = 0.00 events/second
     5-minute rate = 0.00 events/second
    15-minute rate = 0.00 events/second
Exist check failed
             count = 0
         mean rate = 0.00 events/second
     1-minute rate = 0.00 events/second
     5-minute rate = 0.00 events/second
    15-minute rate = 0.00 events/second
Exist checked
             count = 0
         mean rate = 0.00 events/second
     1-minute rate = 0.00 events/second
     5-minute rate = 0.00 events/second
    15-minute rate = 0.00 events/second
Organized
             count = 0
         mean rate = 0.00 events/second
     1-minute rate = 0.00 events/second
     5-minute rate = 0.00 events/second
    15-minute rate = 0.00 events/second
Put done
             count = 0
         mean rate = 0.00 events/second
     1-minute rate = 0.00 events/second
     5-minute rate = 0.00 events/second
    15-minute rate = 0.00 events/second


9/6/17 12:51:53 PM =============================================================

-- Gauges ----------------------------------------------------------------------
kafka size
             value = 0
linked size
             value = 0

-- Meters ----------------------------------------------------------------------
Download done
             count = 0
         mean rate = 0.00 events/second
     1-minute rate = 0.00 events/second
     5-minute rate = 0.00 events/second
    15-minute rate = 0.00 events/second
Download failed
             count = 0
         mean rate = 0.00 events/second
     1-minute rate = 0.00 events/second
     5-minute rate = 0.00 events/second
    15-minute rate = 0.00 events/second
Exist check failed
             count = 0
         mean rate = 0.00 events/second
     1-minute rate = 0.00 events/second
     5-minute rate = 0.00 events/second
    15-minute rate = 0.00 events/second
Exist checked
             count = 0
         mean rate = 0.00 events/second
     1-minute rate = 0.00 events/second
     5-minute rate = 0.00 events/second
    15-minute rate = 0.00 events/second
Organized
             count = 0
         mean rate = 0.00 events/second
     1-minute rate = 0.00 events/second
     5-minute rate = 0.00 events/second
    15-minute rate = 0.00 events/second
Put done
             count = 0
         mean rate = 0.00 events/second
     1-minute rate = 0.00 events/second
     5-minute rate = 0.00 events/second
    15-minute rate = 0.00 events/second


9/6/17 12:51:54 PM =============================================================

-- Gauges ----------------------------------------------------------------------
kafka size
             value = 0
linked size
             value = 0

-- Meters ----------------------------------------------------------------------
Download done
             count = 0
         mean rate = 0.00 events/second
     1-minute rate = 0.00 events/second
     5-minute rate = 0.00 events/second
    15-minute rate = 0.00 events/second
Download failed
             count = 0
         mean rate = 0.00 events/second
     1-minute rate = 0.00 events/second
     5-minute rate = 0.00 events/second
    15-minute rate = 0.00 events/second
Exist check failed
             count = 0
         mean rate = 0.00 events/second
     1-minute rate = 0.00 events/second
     5-minute rate = 0.00 events/second
    15-minute rate = 0.00 events/second
Exist checked
             count = 0
         mean rate = 0.00 events/second
     1-minute rate = 0.00 events/second
     5-minute rate = 0.00 events/second
    15-minute rate = 0.00 events/second
Organized
             count = 0
         mean rate = 0.00 events/second
     1-minute rate = 0.00 events/second
     5-minute rate = 0.00 events/second
    15-minute rate = 0.00 events/second
Put done
             count = 0
         mean rate = 0.00 events/second
     1-minute rate = 0.00 events/second
     5-minute rate = 0.00 events/second
    15-minute rate = 0.00 events/second


9/6/17 12:51:55 PM =============================================================

-- Gauges ----------------------------------------------------------------------
kafka size
             value = 0
linked size
             value = 0

-- Meters ----------------------------------------------------------------------
Download done
             count = 0
         mean rate = 0.00 events/second
     1-minute rate = 0.00 events/second
     5-minute rate = 0.00 events/second
    15-minute rate = 0.00 events/second
Download failed
             count = 0
         mean rate = 0.00 events/second
     1-minute rate = 0.00 events/second
     5-minute rate = 0.00 events/second
    15-minute rate = 0.00 events/second
Exist check failed
             count = 0
         mean rate = 0.00 events/second
     1-minute rate = 0.00 events/second
     5-minute rate = 0.00 events/second
    15-minute rate = 0.00 events/second
Exist checked
             count = 0
         mean rate = 0.00 events/second
     1-minute rate = 0.00 events/second
     5-minute rate = 0.00 events/second
    15-minute rate = 0.00 events/second
Organized
             count = 0
         mean rate = 0.00 events/second
     1-minute rate = 0.00 events/second
     5-minute rate = 0.00 events/second
    15-minute rate = 0.00 events/second
Put done
             count = 0
         mean rate = 0.00 events/second
     1-minute rate = 0.00 events/second
     5-minute rate = 0.00 events/second
    15-minute rate = 0.00 events/second


9/6/17 12:51:56 PM =============================================================

-- Gauges ----------------------------------------------------------------------
kafka size
             value = 0
linked size
             value = 0

-- Meters ----------------------------------------------------------------------
Download done
             count = 0
         mean rate = 0.00 events/second
     1-minute rate = 0.00 events/second
     5-minute rate = 0.00 events/second
    15-minute rate = 0.00 events/second
Download failed
             count = 0
         mean rate = 0.00 events/second
     1-minute rate = 0.00 events/second
     5-minute rate = 0.00 events/second
    15-minute rate = 0.00 events/second
Exist check failed
             count = 0
         mean rate = 0.00 events/second
     1-minute rate = 0.00 events/second
     5-minute rate = 0.00 events/second
    15-minute rate = 0.00 events/second
Exist checked
             count = 0
         mean rate = 0.00 events/second
     1-minute rate = 0.00 events/second
     5-minute rate = 0.00 events/second
    15-minute rate = 0.00 events/second
Organized
             count = 0
         mean rate = 0.00 events/second
     1-minute rate = 0.00 events/second
     5-minute rate = 0.00 events/second
    15-minute rate = 0.00 events/second
Put done
             count = 0
         mean rate = 0.00 events/second
     1-minute rate = 0.00 events/second
     5-minute rate = 0.00 events/second
    15-minute rate = 0.00 events/second


9/6/17 12:51:57 PM =============================================================

-- Gauges ----------------------------------------------------------------------
kafka size
             value = 0
linked size
             value = 0

-- Meters ----------------------------------------------------------------------
Download done
             count = 0
         mean rate = 0.00 events/second
     1-minute rate = 0.00 events/second
     5-minute rate = 0.00 events/second
    15-minute rate = 0.00 events/second
Download failed
             count = 0
         mean rate = 0.00 events/second
     1-minute rate = 0.00 events/second
     5-minute rate = 0.00 events/second
    15-minute rate = 0.00 events/second
Exist check failed
             count = 0
         mean rate = 0.00 events/second
     1-minute rate = 0.00 events/second
     5-minute rate = 0.00 events/second
    15-minute rate = 0.00 events/second
Exist checked
             count = 0
         mean rate = 0.00 events/second
     1-minute rate = 0.00 events/second
     5-minute rate = 0.00 events/second
    15-minute rate = 0.00 events/second
Organized
             count = 0
         mean rate = 0.00 events/second
     1-minute rate = 0.00 events/second
     5-minute rate = 0.00 events/second
    15-minute rate = 0.00 events/second
Put done
             count = 0
         mean rate = 0.00 events/second
     1-minute rate = 0.00 events/second
     5-minute rate = 0.00 events/second
    15-minute rate = 0.00 events/second


9/6/17 12:51:58 PM =============================================================

-- Gauges ----------------------------------------------------------------------
kafka size
             value = 0
linked size
             value = 0

-- Meters ----------------------------------------------------------------------
Download done
             count = 0
         mean rate = 0.00 events/second
     1-minute rate = 0.00 events/second
     5-minute rate = 0.00 events/second
    15-minute rate = 0.00 events/second
Download failed
             count = 0
         mean rate = 0.00 events/second
     1-minute rate = 0.00 events/second
     5-minute rate = 0.00 events/second
    15-minute rate = 0.00 events/second
Exist check failed
             count = 0
         mean rate = 0.00 events/second
     1-minute rate = 0.00 events/second
     5-minute rate = 0.00 events/second
    15-minute rate = 0.00 events/second
Exist checked
             count = 0
         mean rate = 0.00 events/second
     1-minute rate = 0.00 events/second
     5-minute rate = 0.00 events/second
    15-minute rate = 0.00 events/second
Organized
             count = 0
         mean rate = 0.00 events/second
     1-minute rate = 0.00 events/second
     5-minute rate = 0.00 events/second
    15-minute rate = 0.00 events/second
Put done
             count = 0
         mean rate = 0.00 events/second
     1-minute rate = 0.00 events/second
     5-minute rate = 0.00 events/second
    15-minute rate = 0.00 events/second


9/6/17 12:51:59 PM =============================================================

-- Gauges ----------------------------------------------------------------------
kafka size
             value = 0
linked size
             value = 0

-- Meters ----------------------------------------------------------------------
Download done
             count = 0
         mean rate = 0.00 events/second
     1-minute rate = 0.00 events/second
     5-minute rate = 0.00 events/second
    15-minute rate = 0.00 events/second
Download failed
             count = 0
         mean rate = 0.00 events/second
     1-minute rate = 0.00 events/second
     5-minute rate = 0.00 events/second
    15-minute rate = 0.00 events/second
Exist check failed
             count = 0
         mean rate = 0.00 events/second
     1-minute rate = 0.00 events/second
     5-minute rate = 0.00 events/second
    15-minute rate = 0.00 events/second
Exist checked
             count = 0
         mean rate = 0.00 events/second
     1-minute rate = 0.00 events/second
     5-minute rate = 0.00 events/second
    15-minute rate = 0.00 events/second
Organized
             count = 0
         mean rate = 0.00 events/second
     1-minute rate = 0.00 events/second
     5-minute rate = 0.00 events/second
    15-minute rate = 0.00 events/second
Put done
             count = 0
         mean rate = 0.00 events/second
     1-minute rate = 0.00 events/second
     5-minute rate = 0.00 events/second
    15-minute rate = 0.00 events/second


9/6/17 12:52:00 PM =============================================================

-- Gauges ----------------------------------------------------------------------
kafka size
             value = 0
linked size
             value = 0

-- Meters ----------------------------------------------------------------------
Download done
             count = 0
         mean rate = 0.00 events/second
     1-minute rate = 0.00 events/second
     5-minute rate = 0.00 events/second
    15-minute rate = 0.00 events/second
Download failed
             count = 0
         mean rate = 0.00 events/second
     1-minute rate = 0.00 events/second
     5-minute rate = 0.00 events/second
    15-minute rate = 0.00 events/second
Exist check failed
             count = 0
         mean rate = 0.00 events/second
     1-minute rate = 0.00 events/second
     5-minute rate = 0.00 events/second
    15-minute rate = 0.00 events/second
Exist checked
             count = 0
         mean rate = 0.00 events/second
     1-minute rate = 0.00 events/second
     5-minute rate = 0.00 events/second
    15-minute rate = 0.00 events/second
Organized
             count = 0
         mean rate = 0.00 events/second
     1-minute rate = 0.00 events/second
     5-minute rate = 0.00 events/second
    15-minute rate = 0.00 events/second
Put done
             count = 0
         mean rate = 0.00 events/second
     1-minute rate = 0.00 events/second
     5-minute rate = 0.00 events/second
    15-minute rate = 0.00 events/second


9/6/17 12:52:01 PM =============================================================

-- Gauges ----------------------------------------------------------------------
kafka size
             value = 0
linked size
             value = 0

-- Meters ----------------------------------------------------------------------
Download done
             count = 0
         mean rate = 0.00 events/second
     1-minute rate = 0.00 events/second
     5-minute rate = 0.00 events/second
    15-minute rate = 0.00 events/second
Download failed
             count = 0
         mean rate = 0.00 events/second
     1-minute rate = 0.00 events/second
     5-minute rate = 0.00 events/second
    15-minute rate = 0.00 events/second
Exist check failed
             count = 0
         mean rate = 0.00 events/second
     1-minute rate = 0.00 events/second
     5-minute rate = 0.00 events/second
    15-minute rate = 0.00 events/second
Exist checked
             count = 0
         mean rate = 0.00 events/second
     1-minute rate = 0.00 events/second
     5-minute rate = 0.00 events/second
    15-minute rate = 0.00 events/second
Organized
             count = 0
         mean rate = 0.00 events/second
     1-minute rate = 0.00 events/second
     5-minute rate = 0.00 events/second
    15-minute rate = 0.00 events/second
Put done
             count = 0
         mean rate = 0.00 events/second
     1-minute rate = 0.00 events/second
     5-minute rate = 0.00 events/second
    15-minute rate = 0.00 events/second


9/6/17 12:52:02 PM =============================================================

-- Gauges ----------------------------------------------------------------------
kafka size
             value = 0
linked size
             value = 0

-- Meters ----------------------------------------------------------------------
Download done
             count = 0
         mean rate = 0.00 events/second
     1-minute rate = 0.00 events/second
     5-minute rate = 0.00 events/second
    15-minute rate = 0.00 events/second
Download failed
             count = 0
         mean rate = 0.00 events/second
     1-minute rate = 0.00 events/second
     5-minute rate = 0.00 events/second
    15-minute rate = 0.00 events/second
Exist check failed
             count = 0
         mean rate = 0.00 events/second
     1-minute rate = 0.00 events/second
     5-minute rate = 0.00 events/second
    15-minute rate = 0.00 events/second
Exist checked
             count = 0
         mean rate = 0.00 events/second
     1-minute rate = 0.00 events/second
     5-minute rate = 0.00 events/second
    15-minute rate = 0.00 events/second
Organized
             count = 0
         mean rate = 0.00 events/second
     1-minute rate = 0.00 events/second
     5-minute rate = 0.00 events/second
    15-minute rate = 0.00 events/second
Put done
             count = 0
         mean rate = 0.00 events/second
     1-minute rate = 0.00 events/second
     5-minute rate = 0.00 events/second
    15-minute rate = 0.00 events/second


9/6/17 12:52:03 PM =============================================================

-- Gauges ----------------------------------------------------------------------
kafka size
             value = 0
linked size
             value = 0

-- Meters ----------------------------------------------------------------------
Download done
             count = 0
         mean rate = 0.00 events/second
     1-minute rate = 0.00 events/second
     5-minute rate = 0.00 events/second
    15-minute rate = 0.00 events/second
Download failed
             count = 0
         mean rate = 0.00 events/second
     1-minute rate = 0.00 events/second
     5-minute rate = 0.00 events/second
    15-minute rate = 0.00 events/second
Exist check failed
             count = 0
         mean rate = 0.00 events/second
     1-minute rate = 0.00 events/second
     5-minute rate = 0.00 events/second
    15-minute rate = 0.00 events/second
Exist checked
             count = 0
         mean rate = 0.00 events/second
     1-minute rate = 0.00 events/second
     5-minute rate = 0.00 events/second
    15-minute rate = 0.00 events/second
Organized
             count = 0
         mean rate = 0.00 events/second
     1-minute rate = 0.00 events/second
     5-minute rate = 0.00 events/second
    15-minute rate = 0.00 events/second
Put done
             count = 0
         mean rate = 0.00 events/second
     1-minute rate = 0.00 events/second
     5-minute rate = 0.00 events/second
    15-minute rate = 0.00 events/second


9/6/17 12:52:04 PM =============================================================

-- Gauges ----------------------------------------------------------------------
kafka size
             value = 0
linked size
             value = 0

-- Meters ----------------------------------------------------------------------
Download done
             count = 0
         mean rate = 0.00 events/second
     1-minute rate = 0.00 events/second
     5-minute rate = 0.00 events/second
    15-minute rate = 0.00 events/second
Download failed
             count = 0
         mean rate = 0.00 events/second
     1-minute rate = 0.00 events/second
     5-minute rate = 0.00 events/second
    15-minute rate = 0.00 events/second
Exist check failed
             count = 0
         mean rate = 0.00 events/second
     1-minute rate = 0.00 events/second
     5-minute rate = 0.00 events/second
    15-minute rate = 0.00 events/second
Exist checked
             count = 0
         mean rate = 0.00 events/second
     1-minute rate = 0.00 events/second
     5-minute rate = 0.00 events/second
    15-minute rate = 0.00 events/second
Organized
             count = 0
         mean rate = 0.00 events/second
     1-minute rate = 0.00 events/second
     5-minute rate = 0.00 events/second
    15-minute rate = 0.00 events/second
Put done
             count = 0
         mean rate = 0.00 events/second
     1-minute rate = 0.00 events/second
     5-minute rate = 0.00 events/second
    15-minute rate = 0.00 events/second


9/6/17 12:52:05 PM =============================================================

-- Gauges ----------------------------------------------------------------------
kafka size
             value = 0
linked size
             value = 0

-- Meters ----------------------------------------------------------------------
Download done
             count = 0
         mean rate = 0.00 events/second
     1-minute rate = 0.00 events/second
     5-minute rate = 0.00 events/second
    15-minute rate = 0.00 events/second
Download failed
             count = 0
         mean rate = 0.00 events/second
     1-minute rate = 0.00 events/second
     5-minute rate = 0.00 events/second
    15-minute rate = 0.00 events/second
Exist check failed
             count = 0
         mean rate = 0.00 events/second
     1-minute rate = 0.00 events/second
     5-minute rate = 0.00 events/second
    15-minute rate = 0.00 events/second
Exist checked
             count = 0
         mean rate = 0.00 events/second
     1-minute rate = 0.00 events/second
     5-minute rate = 0.00 events/second
    15-minute rate = 0.00 events/second
Organized
             count = 0
         mean rate = 0.00 events/second
     1-minute rate = 0.00 events/second
     5-minute rate = 0.00 events/second
    15-minute rate = 0.00 events/second
Put done
             count = 0
         mean rate = 0.00 events/second
     1-minute rate = 0.00 events/second
     5-minute rate = 0.00 events/second
    15-minute rate = 0.00 events/second


